SF:lib/src/analytics.dart
DA:21,1
DA:35,1
DA:42,2
DA:46,0
DA:47,0
DA:48,0
LF:6
LH:3
end_of_record
SF:lib/src/service.dart
DA:7,1
DA:13,3
DA:21,0
DA:22,0
DA:23,0
DA:24,0
DA:25,0
DA:27,0
DA:28,0
DA:43,1
DA:49,1
DA:50,0
DA:55,0
DA:56,0
LF:14
LH:4
end_of_record
SF:lib/src/utils/info.dart
DA:9,1
DA:23,0
DA:24,0
DA:25,0
DA:26,0
DA:27,0
DA:28,0
DA:29,0
DA:35,0
DA:37,0
DA:38,0
DA:39,0
DA:41,0
DA:42,0
DA:44,0
DA:46,0
DA:48,0
DA:51,0
DA:54,0
DA:55,0
DA:56,0
DA:60,0
DA:61,0
DA:63,0
DA:64,0
DA:65,0
DA:68,0
DA:69,0
DA:70,0
DA:71,0
DA:73,0
DA:75,0
DA:76,0
DA:77,0
DA:83,0
DA:84,0
DA:85,0
DA:86,0
DA:87,0
DA:88,0
DA:89,0
DA:90,0
DA:91,0
DA:92,0
DA:93,0
DA:94,0
DA:96,0
DA:97,0
DA:98,0
DA:99,0
DA:100,0
DA:101,0
LF:52
LH:1
end_of_record
SF:lib/src/models/exception.dart
DA:2,0
DA:13,0
DA:15,0
LF:3
LH:0
end_of_record
SF:lib/src/constants.dart
DA:4,0
DA:7,1
LF:2
LH:1
end_of_record
